<?xml version="1.0" encoding="UTF-8"?>
<testsuite xmlns:xsi="http://www.w3.org/2001/XMLSchema-instance" xsi:noNamespaceSchemaLocation="https://maven.apache.org/surefire/maven-surefire-plugin/xsd/surefire-test-report.xsd" name="stacs.wordle.WordleAppTest" time="0.033" tests="5" errors="0" skipped="0" failures="0">
  <properties>
[...]
</properties>
  <testcase name="shouldGetWord" classname="stacs.wordle.WordleAppTest" time="0.018"/>
  <testcase name="testChosenWord" classname="stacs.wordle.WordleAppTest" time="0.002"/>
  <testcase name="shouldGetRamdomWord" classname="stacs.wordle.WordleAppTest" time="0.002"/>
  <testcase name="shouldGetWordListFile" classname="stacs.wordle.WordleAppTest" time="0.002"/>
  <testcase name="loadWordlist" classname="stacs.wordle.WordleAppTest" time="0.002"/>
</testsuite>